<?xml version="1.0" encoding="UTF-8"?>
<testsuite xmlns:xsi="http://www.w3.org/2001/XMLSchema-instance" xsi:noNamespaceSchemaLocation="https://maven.apache.org/surefire/maven-surefire-plugin/xsd/surefire-test-report.xsd" name="domain.RegistryPeersTest" time="0.31" tests="4" errors="0" skipped="0" failures="0">
  <properties>
[...]
</properties>
  <testcase name="testGet" classname="domain.RegistryPeersTest" time="0.005"/>
  <testcase name="testRegister" classname="domain.RegistryPeersTest" time="0"/>
  <testcase name="testRemove" classname="domain.RegistryPeersTest" time="0.001"/>
  <testcase name="testToJson" classname="domain.RegistryPeersTest" time="0"/>
</testsuite>