<?xml version="1.0" encoding="UTF-8"?>
<testng-results ignored="0" total="4" passed="4" failed="0" skipped="0">
  <reporter-output>
  </reporter-output>
  <suite started-at="2022-01-20T13:04:28Z" name="Surefire suite" finished-at="2022-01-20T13:04:28Z" duration-ms="14">
    <groups>
    </groups>
    <test started-at="2022-01-20T13:04:28Z" name="Surefire test" finished-at="2022-01-20T13:04:28Z" duration-ms="14">
      <class name="domain.RegistryPeersTest">
        <test-method signature="testGet()[pri:0, instance:domain.RegistryPeersTest@4232c52b]" started-at="2022-01-21T00:04:28Z" name="testGet" finished-at="2022-01-21T00:04:28Z" duration-ms="5" status="PASS">
          <reporter-output>
          </reporter-output>
        </test-method> <!-- testGet -->
        <test-method signature="testRegister()[pri:0, instance:domain.RegistryPeersTest@4232c52b]" started-at="2022-01-21T00:04:28Z" name="testRegister" finished-at="2022-01-21T00:04:28Z" duration-ms="0" status="PASS">
          <reporter-output>
          </reporter-output>
        </test-method> <!-- testRegister -->
        <test-method signature="testRemove()[pri:0, instance:domain.RegistryPeersTest@4232c52b]" started-at="2022-01-21T00:04:28Z" name="testRemove" finished-at="2022-01-21T00:04:28Z" duration-ms="0" status="PASS">
          <reporter-output>
          </reporter-output>
        </test-method> <!-- testRemove -->
        <test-method signature="testToJson()[pri:0, instance:domain.RegistryPeersTest@4232c52b]" started-at="2022-01-21T00:04:28Z" name="testToJson" finished-at="2022-01-21T00:04:28Z" duration-ms="0" status="PASS">
          <reporter-output>
          </reporter-output>
        </test-method> <!-- testToJson -->
      </class> <!-- domain.RegistryPeersTest -->
    </test> <!-- Surefire test -->
  </suite> <!-- Surefire suite -->
</testng-results>
