<?xml version="1.0" encoding="UTF-8"?>
<!-- Generated by org.testng.reporters.JUnitReportReporter -->
<testsuite hostname="Ishans-MacBook-Pro.local" failures="0" tests="4" name="domain.RegistryPeersTest" time="0.005" errors="0" timestamp="20 Jan 2022 13:04:28 GMT" skipped="0">
  <testcase classname="domain.RegistryPeersTest" name="testGet" time="0.005"/>
  <testcase classname="domain.RegistryPeersTest" name="testRegister" time="0.000"/>
  <testcase classname="domain.RegistryPeersTest" name="testRemove" time="0.000"/>
  <testcase classname="domain.RegistryPeersTest" name="testToJson" time="0.000"/>
</testsuite> <!-- domain.RegistryPeersTest -->
